Using pre-set license
Built from '2020.3/staging' branch; Version is '2020.3.22f1 (e1a7f79fd887) revision 14788599'; Using compiler version '192528614'; Build Type 'Release'
OS: 'Windows 10 Pro N; OS build 19043.1466; Version 2009; 64bit' Language: 'en' Physical Memory: 16326 MB
BatchMode: 1, IsHumanControllingUs: 0, StartBugReporterOnCrash: 0, Is64bit: 1, IsPro: 0

COMMAND LINE ARGUMENTS:
C:\Program Files\Unity\Hub\Editor\2020.3.22f1\Editor\Unity.exe
-adb2
-batchMode
-noUpm
-name
AssetImportWorker0
-projectPath
C:/Users/Administrator/Documents/Personal_Admin/Projs_GandU/VR_Blast
-logFile
Logs/AssetImportWorker0.log
-srvPort
51572
Successfully changed project path to: C:/Users/Administrator/Documents/Personal_Admin/Projs_GandU/VR_Blast
C:/Users/Administrator/Documents/Personal_Admin/Projs_GandU/VR_Blast
Using Asset Import Pipeline V2.
Refreshing native plugins compatible for Editor in 73.37 ms, found 11 plugins.
Preloading 2 native plugins for Editor in 2.72 ms.
Initialize engine version: 2020.3.22f1 (e1a7f79fd887)
[Subsystems] Discovering subsystems at path C:/Program Files/Unity/Hub/Editor/2020.3.22f1/Editor/Data/Resources/UnitySubsystems
[Subsystems] Discovering subsystems at path C:/Users/Administrator/Documents/Personal_Admin/Projs_GandU/VR_Blast/Assets
GfxDevice: creating device client; threaded=0
Direct3D:
    Version:  Direct3D 11.0 [level 11.1]
    Renderer: NVIDIA GeForce GTX 1070 Ti (ID=0x1b82)
    Vendor:   
    VRAM:     8079 MB
    Driver:   30.0.14.7196
Initialize mono
Mono path[0] = 'C:/Program Files/Unity/Hub/Editor/2020.3.22f1/Editor/Data/Managed'
Mono path[1] = 'C:/Program Files/Unity/Hub/Editor/2020.3.22f1/Editor/Data/MonoBleedingEdge/lib/mono/unityjit'
Mono config path = 'C:/Program Files/Unity/Hub/Editor/2020.3.22f1/Editor/Data/MonoBleedingEdge/etc'
Using monoOptions --debugger-agent=transport=dt_socket,embedding=1,server=y,suspend=n,address=127.0.0.1:56260
Begin MonoManager ReloadAssembly
Registering precompiled unity dll's ...
Register platform support module: C:/Program Files/Unity/Hub/Editor/2020.3.22f1/Editor/Data/PlaybackEngines/WebGLSupport/UnityEditor.WebGL.Extensions.dll
Register platform support module: C:/Program Files/Unity/Hub/Editor/2020.3.22f1/Editor/Data/PlaybackEngines/WindowsStandaloneSupport/UnityEditor.WindowsStandalone.Extensions.dll
Registered in 0.002760 seconds.
Native extension for WindowsStandalone target not found
Native extension for WebGL target not found
Refreshing native plugins compatible for Editor in 52.11 ms, found 11 plugins.
Preloading 2 native plugins for Editor in 0.17 ms.
Mono: successfully reloaded assembly
- Completed reload, in  2.226 seconds
Domain Reload Profiling:
	ReloadAssembly (2227ms)
		BeginReloadAssembly (62ms)
			ExecutionOrderSort (0ms)
			DisableScriptedObjects (0ms)
			BackupInstance (0ms)
			ReleaseScriptingObjects (0ms)
			CreateAndSetChildDomain (1ms)
		EndReloadAssembly (471ms)
			LoadAssemblies (59ms)
			RebuildTransferFunctionScriptingTraits (0ms)
			SetupTypeCache (163ms)
			ReleaseScriptCaches (0ms)
			RebuildScriptCaches (28ms)
			SetupLoadedEditorAssemblies (179ms)
				LogAssemblyErrors (0ms)
				InitializePlatformSupportModulesInManaged (4ms)
				SetLoadedEditorAssemblies (0ms)
				RefreshPlugins (52ms)
				BeforeProcessingInitializeOnLoad (15ms)
				ProcessInitializeOnLoadAttributes (80ms)
				ProcessInitializeOnLoadMethodAttributes (27ms)
				AfterProcessingInitializeOnLoad (0ms)
				EditorAssembliesLoaded (0ms)
			ExecutionOrderSort2 (0ms)
			AwakeInstancesAfterBackupRestoration (0ms)
Platform modules already initialized, skipping
Registering precompiled user dll's ...
Registered in 0.010213 seconds.
Begin MonoManager ReloadAssembly
Native extension for WindowsStandalone target not found
Native extension for WebGL target not found
Refreshing native plugins compatible for Editor in 56.17 ms, found 11 plugins.
Preloading 2 native plugins for Editor in 0.16 ms.
[XR] OculusXRPlugin: registering subsystems
[XR] Unable to register display lifecyle provider: [1]
[XR] Oculus Input lifecycle provider registered.
[XR] Unable to register input lifecyle provider: [1]
System.Reflection.TargetInvocationException: Exception has been thrown by the target of an invocation. ---> System.NullReferenceException: Object reference not set to an instance of an object
  at Unity.XR.Oculus.OculusLoader.AssetPathToAbsolutePath (System.String assetPath) [0x00048] in C:\Users\Administrator\Documents\Personal_Admin\Projs_GandU\VR_Blast\Library\PackageCache\com.unity.xr.oculus@1.10.0\Runtime\OculusLoader.cs:250 
  at Unity.XR.Oculus.OculusLoader.EditorLoadOVRPlugin () [0x0007b] in C:\Users\Administrator\Documents\Personal_Admin\Projs_GandU\VR_Blast\Library\PackageCache\com.unity.xr.oculus@1.10.0\Runtime\OculusLoader.cs:235 
  at (wrapper managed-to-native) System.Reflection.MonoMethod.InternalInvoke(System.Reflection.MonoMethod,object,object[],System.Exception&)
  at System.Reflection.MonoMethod.Invoke (System.Object obj, System.Reflection.BindingFlags invokeAttr, System.Reflection.Binder binder, System.Object[] parameters, System.Globalization.CultureInfo culture) [0x00032] in <695d1cc93cca45069c528c15c9fdd749>:0 
   --- End of inner exception stack trace ---
  at System.Reflection.MonoMethod.Invoke (System.Object obj, System.Reflection.BindingFlags invokeAttr, System.Reflection.Binder binder, System.Object[] parameters, System.Globalization.CultureInfo culture) [0x00048] in <695d1cc93cca45069c528c15c9fdd749>:0 
  at System.Reflection.MethodBase.Invoke (System.Object obj, System.Object[] parameters) [0x00000] in <695d1cc93cca45069c528c15c9fdd749>:0 
  at UnityEditor.EditorAssemblies.ProcessInitializeOnLoadMethodAttributes () [0x00047] in <2cd7ebc9c2ef4276a8edbc7de85c89ce>:0 
UnityEngine.StackTraceUtility:ExtractStackTrace ()
UnityEngine.DebugLogHandler:LogFormat (UnityEngine.LogType,UnityEngine.Object,string,object[])
UnityEngine.Logger:Log (UnityEngine.LogType,object)
UnityEngine.Debug:LogError (object)
UnityEditor.EditorAssemblies:ProcessInitializeOnLoadMethodAttributes ()

Mono: successfully reloaded assembly
- Completed reload, in  1.290 seconds
Domain Reload Profiling:
	ReloadAssembly (1291ms)
		BeginReloadAssembly (154ms)
			ExecutionOrderSort (0ms)
			DisableScriptedObjects (5ms)
			BackupInstance (0ms)
			ReleaseScriptingObjects (0ms)
			CreateAndSetChildDomain (20ms)
		EndReloadAssembly (1064ms)
			LoadAssemblies (99ms)
			RebuildTransferFunctionScriptingTraits (0ms)
			SetupTypeCache (327ms)
			ReleaseScriptCaches (1ms)
			RebuildScriptCaches (49ms)
			SetupLoadedEditorAssemblies (450ms)
				LogAssemblyErrors (0ms)
				InitializePlatformSupportModulesInManaged (5ms)
				SetLoadedEditorAssemblies (0ms)
				RefreshPlugins (56ms)
				BeforeProcessingInitializeOnLoad (90ms)
				ProcessInitializeOnLoadAttributes (271ms)
				ProcessInitializeOnLoadMethodAttributes (19ms)
				AfterProcessingInitializeOnLoad (9ms)
				EditorAssembliesLoaded (0ms)
			ExecutionOrderSort2 (0ms)
			AwakeInstancesAfterBackupRestoration (6ms)
Platform modules already initialized, skipping
========================================================================
Worker process is ready to serve import requests
Launched and connected shader compiler UnityShaderCompiler.exe after 0.08 seconds
Refreshing native plugins compatible for Editor in 1.16 ms, found 11 plugins.
Preloading 2 native plugins for Editor in 0.21 ms.
Unloading 2253 Unused Serialized files (Serialized files now loaded: 0)
System memory in use before: 92.5 MB.
System memory in use after: 92.6 MB.

Unloading 24 unused Assets to reduce memory usage. Loaded Objects now: 2687.
Total: 3.970400 ms (FindLiveObjects: 0.327900 ms CreateObjectMapping: 0.224600 ms MarkObjects: 3.347600 ms  DeleteObjects: 0.068900 ms)

AssetImportParameters requested are different than current active one (requested -> active):
  custom:framework-win-MediaFoundation: 216162199b28c13a410421893ffa2e32 -> 
  custom:video-decoder-ogg-theora: a1e56fd34408186e4bbccfd4996cb3dc -> 
  custom:container-muxer-webm: aa71ff27fc2769a1b78a27578f13a17b -> 
  custom:container-demuxer-webm: 4f35f7cbe854078d1ac9338744f61a02 -> 
  custom:container-demuxer-ogg: 62fdf1f143b41e24485cea50d1cbac27 -> 
  custom:video-encoder-webm-vp8: eb34c28f22e8b96e1ab97ce403110664 -> 
  custom:video-decoder-webm-vp8: 9c59270c3fd7afecdb556c50c9e8de78 -> 
  custom:audio-decoder-ogg-vorbis: bf7c407c2cedff20999df2af8eb42d56 -> 
  custom:audio-encoder-webm-vorbis: bf7c407c2cedff20999df2af8eb42d56 -> 
========================================================================
Received Import Request.
  path: Assets/Scenes/PowerGauntletDemo.unity
  artifactKey: Guid(ee11a63f1019918489e5c1852df95214) Importer(815301076,1909f56bfc062723c751e8b465ee728b)
Start importing Assets/Scenes/PowerGauntletDemo.unity using Guid(ee11a63f1019918489e5c1852df95214) Importer(815301076,1909f56bfc062723c751e8b465ee728b)  -> (artifact id: '780ff03784657bcc1beeabeb182aa02d') in 0.020535 seconds 
  Import took 0.024588 seconds .

========================================================================
Received Import Request.
  Time since last request: 21.169457 seconds.
  path: Assets/Prefabs/FingerBullet.prefab
  artifactKey: Guid(e87125de241762f4c8bd86e8a074be90) Importer(815301076,1909f56bfc062723c751e8b465ee728b)
Start importing Assets/Prefabs/FingerBullet.prefab using Guid(e87125de241762f4c8bd86e8a074be90) Importer(815301076,1909f56bfc062723c751e8b465ee728b)  -> (artifact id: 'd0a1ff28eb372d4ea3d1a14968c6b119') in 0.110200 seconds 
  Import took 0.114643 seconds .

========================================================================
Received Import Request.
  Time since last request: 0.000240 seconds.
  path: Assets/Prefabs/Hand3Glove.prefab
  artifactKey: Guid(aba9342a090b8ae4db10b096d19ebfbc) Importer(815301076,1909f56bfc062723c751e8b465ee728b)
Start importing Assets/Prefabs/Hand3Glove.prefab using Guid(aba9342a090b8ae4db10b096d19ebfbc) Importer(815301076,1909f56bfc062723c751e8b465ee728b)  -> (artifact id: 'b8f00e049b906ff3448eeb64df80c6ef') in 0.033861 seconds 
  Import took 0.037954 seconds .

========================================================================
Received Import Request.
  Time since last request: 2.400833 seconds.
  path: Assets/Models/Hand3Glove.fbx
  artifactKey: Guid(24568c3f3f59dc6419875defd2f735e7) Importer(815301076,1909f56bfc062723c751e8b465ee728b)
Start importing Assets/Models/Hand3Glove.fbx using Guid(24568c3f3f59dc6419875defd2f735e7) Importer(815301076,1909f56bfc062723c751e8b465ee728b)  -> (artifact id: '7a9f8e09b95d3e08d5f3fa3cefcdd936') in 0.042163 seconds 
  Import took 0.046173 seconds .

========================================================================
Received Import Request.
  Time since last request: 139.710874 seconds.
  path: Assets
  artifactKey: Guid(00000000000000001000000000000000) Importer(815301076,1909f56bfc062723c751e8b465ee728b)
Start importing Assets using Guid(00000000000000001000000000000000) Importer(815301076,1909f56bfc062723c751e8b465ee728b)  -> (artifact id: '1a956ff0e83af221383b1bd8a5281aa6') in 0.009934 seconds 
  Import took 0.015116 seconds .

========================================================================
Received Import Request.
  Time since last request: 4.913015 seconds.
  path: Assets/Materials
  artifactKey: Guid(017ef726811f93b47861f8881692cf17) Importer(815301076,1909f56bfc062723c751e8b465ee728b)
Start importing Assets/Materials using Guid(017ef726811f93b47861f8881692cf17) Importer(815301076,1909f56bfc062723c751e8b465ee728b)  -> (artifact id: '05a8939711f3f7fbc1aa70f4624b0bca') in 0.009258 seconds 
  Import took 0.014743 seconds .

========================================================================
Received Import Request.
  Time since last request: 14.137081 seconds.
  path: Assets/Materials/Gloves.mat
  artifactKey: Guid(a781d8f774a702b418e46fe4f5ecd6c9) Importer(815301076,1909f56bfc062723c751e8b465ee728b)
Start importing Assets/Materials/Gloves.mat using Guid(a781d8f774a702b418e46fe4f5ecd6c9) Importer(815301076,1909f56bfc062723c751e8b465ee728b)  -> (artifact id: '19659e06fe76cdaa3375967aea32fcc3') in 0.035054 seconds 
  Import took 0.040327 seconds .

========================================================================
Received Import Request.
  Time since last request: 39.949499 seconds.
  path: Assets/Materials/Bullet.mat
  artifactKey: Guid(98ca49e2853f5504d867b95c2b219a75) Importer(815301076,1909f56bfc062723c751e8b465ee728b)
Start importing Assets/Materials/Bullet.mat using Guid(98ca49e2853f5504d867b95c2b219a75) Importer(815301076,1909f56bfc062723c751e8b465ee728b)  -> (artifact id: '3bbbc7373225f064a0f48c50e530bf11') in 0.017378 seconds 
  Import took 0.022670 seconds .

========================================================================
Received Import Request.
  Time since last request: 41.063684 seconds.
  path: Assets/MyXRInputActions/DefaultControls.inputactions
  artifactKey: Guid(88f5303ab9df68241810d976e38913f2) Importer(815301076,1909f56bfc062723c751e8b465ee728b)
Start importing Assets/MyXRInputActions/DefaultControls.inputactions using Guid(88f5303ab9df68241810d976e38913f2) Importer(815301076,1909f56bfc062723c751e8b465ee728b)  -> (artifact id: '088e21d4677c933d35411b0a110d6e11') in 0.017416 seconds 
  Import took 0.022540 seconds .

========================================================================
Received Import Request.
  Time since last request: 30.888883 seconds.
  path: Assets/Materials/Bullet.mat
  artifactKey: Guid(98ca49e2853f5504d867b95c2b219a75) Importer(815301076,1909f56bfc062723c751e8b465ee728b)
Start importing Assets/Materials/Bullet.mat using Guid(98ca49e2853f5504d867b95c2b219a75) Importer(815301076,1909f56bfc062723c751e8b465ee728b)  -> (artifact id: '0c3549cbad89f9498df51119016ec08c') in 0.015474 seconds 
  Import took 0.020455 seconds .

========================================================================
Received Import Request.
  Time since last request: 0.000239 seconds.
  path: Assets/Materials/Gloves.mat
  artifactKey: Guid(a781d8f774a702b418e46fe4f5ecd6c9) Importer(815301076,1909f56bfc062723c751e8b465ee728b)
Start importing Assets/Materials/Gloves.mat using Guid(a781d8f774a702b418e46fe4f5ecd6c9) Importer(815301076,1909f56bfc062723c751e8b465ee728b)  -> (artifact id: 'edeb7aa993e698f5c757e3502c3af70a') in 0.015801 seconds 
  Import took 0.020949 seconds .

========================================================================
Received Import Request.
  Time since last request: 9.436873 seconds.
  path: Assets/Prefabs/Hand3Glove.prefab
  artifactKey: Guid(aba9342a090b8ae4db10b096d19ebfbc) Importer(815301076,1909f56bfc062723c751e8b465ee728b)
Start importing Assets/Prefabs/Hand3Glove.prefab using Guid(aba9342a090b8ae4db10b096d19ebfbc) Importer(815301076,1909f56bfc062723c751e8b465ee728b)  -> (artifact id: '6d8c534a6c15328e9b522a180803e8ee') in 0.014802 seconds 
  Import took 0.019109 seconds .

========================================================================
Received Import Request.
  Time since last request: 20.061361 seconds.
  path: Assets/Prefabs/FingerBullet.prefab
  artifactKey: Guid(e87125de241762f4c8bd86e8a074be90) Importer(815301076,1909f56bfc062723c751e8b465ee728b)
Start importing Assets/Prefabs/FingerBullet.prefab using Guid(e87125de241762f4c8bd86e8a074be90) Importer(815301076,1909f56bfc062723c751e8b465ee728b)  -> (artifact id: '06197dfafeb2e2ec10f41abac2f30a23') in 0.012316 seconds 
  Import took 0.016573 seconds .

========================================================================
Received Import Request.
  Time since last request: 104.810779 seconds.
  path: Assets/XR/Settings/Oculus Settings.asset
  artifactKey: Guid(bfa1182bd221b4ca89619141f66f1260) Importer(815301076,1909f56bfc062723c751e8b465ee728b)
Start importing Assets/XR/Settings/Oculus Settings.asset using Guid(bfa1182bd221b4ca89619141f66f1260) Importer(815301076,1909f56bfc062723c751e8b465ee728b)  -> (artifact id: '9fc47dead4c546dff0afa55c7672d01e') in 0.009681 seconds 
  Import took 0.014486 seconds .

========================================================================
Received Import Request.
  Time since last request: 0.000228 seconds.
  path: Assets/XR/Settings/Windows MR Package Settings.asset
  artifactKey: Guid(dc5a169419fa04987b057f65238cf3ba) Importer(815301076,1909f56bfc062723c751e8b465ee728b)
Start importing Assets/XR/Settings/Windows MR Package Settings.asset using Guid(dc5a169419fa04987b057f65238cf3ba) Importer(815301076,1909f56bfc062723c751e8b465ee728b)  -> (artifact id: '90c8c4c3ed557e4dde65048e1f5d7302') in 0.013008 seconds 
  Import took 0.017459 seconds .

========================================================================
Received Import Request.
  Time since last request: 91.425278 seconds.
  path: Assets/Scenes/PowerGauntletDemo.unity
  artifactKey: Guid(ee11a63f1019918489e5c1852df95214) Importer(815301076,1909f56bfc062723c751e8b465ee728b)
Start importing Assets/Scenes/PowerGauntletDemo.unity using Guid(ee11a63f1019918489e5c1852df95214) Importer(815301076,1909f56bfc062723c751e8b465ee728b)  -> (artifact id: '94987f05432394ff6b62dd8550c49b17') in 0.005750 seconds 
  Import took 0.012043 seconds .

========================================================================
Received Import Request.
  Time since last request: 295.609780 seconds.
  path: Packages/com.unity.xr.legacyinputhelpers
  artifactKey: Guid(9f273d1aeb919930a9018672d8e70f4b) Importer(815301076,1909f56bfc062723c751e8b465ee728b)
Start importing Packages/com.unity.xr.legacyinputhelpers using Guid(9f273d1aeb919930a9018672d8e70f4b) Importer(815301076,1909f56bfc062723c751e8b465ee728b)  -> (artifact id: '25749e38b82582e8971a91e6c02f8d09') in 0.011321 seconds 
  Import took 0.017596 seconds .

========================================================================
Received Import Request.
  Time since last request: 0.066546 seconds.
  path: Packages/com.unity.xr.legacyinputhelpers/package.json
  artifactKey: Guid(d16ab7e2b2998ad4c9729d86bb9aa666) Importer(815301076,1909f56bfc062723c751e8b465ee728b)
Start importing Packages/com.unity.xr.legacyinputhelpers/package.json using Guid(d16ab7e2b2998ad4c9729d86bb9aa666) Importer(815301076,1909f56bfc062723c751e8b465ee728b)  -> (artifact id: 'bbf73ecd0e7edbbc12f059dad17071e4') in 0.019777 seconds 
  Import took 0.024402 seconds .

========================================================================
Received Import Request.
  Time since last request: 1.489464 seconds.
  path: Packages/com.unity.xr.legacyinputhelpers/Prefabs
  artifactKey: Guid(ca05aff1f90b74f429ab1a0c98f36a37) Importer(815301076,1909f56bfc062723c751e8b465ee728b)
Start importing Packages/com.unity.xr.legacyinputhelpers/Prefabs using Guid(ca05aff1f90b74f429ab1a0c98f36a37) Importer(815301076,1909f56bfc062723c751e8b465ee728b)  -> (artifact id: '75d5ad6933d44a1e5a6f745c23371b22') in 0.012129 seconds 
  Import took 0.017939 seconds .

========================================================================
Received Import Request.
  Time since last request: 0.024713 seconds.
  path: Packages/com.unity.xr.legacyinputhelpers/Prefabs/XRRig.prefab
  artifactKey: Guid(c116b7497ab8ca34c9188965d4295e27) Importer(815301076,1909f56bfc062723c751e8b465ee728b)
Start importing Packages/com.unity.xr.legacyinputhelpers/Prefabs/XRRig.prefab using Guid(c116b7497ab8ca34c9188965d4295e27) Importer(815301076,1909f56bfc062723c751e8b465ee728b)  -> (artifact id: '8a623ca8d0f740832087eb0b82479cff') in 0.020244 seconds 
  Import took 0.024124 seconds .

========================================================================
Received Import Request.
  Time since last request: 405.054737 seconds.
  path: Packages/com.unity.xr.interactionsubsystems/package.json
  artifactKey: Guid(c0331c5fc3e74a6498df537348f77bb6) Importer(815301076,1909f56bfc062723c751e8b465ee728b)
Start importing Packages/com.unity.xr.interactionsubsystems/package.json using Guid(c0331c5fc3e74a6498df537348f77bb6) Importer(815301076,1909f56bfc062723c751e8b465ee728b)  -> (artifact id: '62302e4486157476fff5b52ab9022138') in 0.013083 seconds 
  Import took 0.017672 seconds .

========================================================================
Received Import Request.
  Time since last request: 5.290783 seconds.
  path: Packages/com.unity.xr.oculus/package.json
  artifactKey: Guid(8cf6f256af772d24eab8f4be77c7fe43) Importer(815301076,1909f56bfc062723c751e8b465ee728b)
Start importing Packages/com.unity.xr.oculus/package.json using Guid(8cf6f256af772d24eab8f4be77c7fe43) Importer(815301076,1909f56bfc062723c751e8b465ee728b)  -> (artifact id: '5f5e812cf6da951758835a01ea3ede67') in 0.003061 seconds 
  Import took 0.006910 seconds .

========================================================================
Received Import Request.
  Time since last request: 1.696032 seconds.
  path: Packages/com.unity.xr.oculus/Editor
  artifactKey: Guid(103f61d82b39f494e93197ae35676c2c) Importer(815301076,1909f56bfc062723c751e8b465ee728b)
Start importing Packages/com.unity.xr.oculus/Editor using Guid(103f61d82b39f494e93197ae35676c2c) Importer(815301076,1909f56bfc062723c751e8b465ee728b)  -> (artifact id: '13a0c6f0c11d92b00d37649e84a3122d') in 0.009829 seconds 
  Import took 0.014060 seconds .

========================================================================
Received Import Request.
  Time since last request: 0.048241 seconds.
  path: Packages/com.unity.xr.oculus/Editor/Unity.XR.Oculus.Editor.asmdef
  artifactKey: Guid(d1502596da9f12c4ead8bb8b8542bdc8) Importer(815301076,1909f56bfc062723c751e8b465ee728b)
Start importing Packages/com.unity.xr.oculus/Editor/Unity.XR.Oculus.Editor.asmdef using Guid(d1502596da9f12c4ead8bb8b8542bdc8) Importer(815301076,1909f56bfc062723c751e8b465ee728b)  -> (artifact id: 'b22f755943f53f1a9913610bd2ee5f92') in 0.008967 seconds 
  Import took 0.013127 seconds .

========================================================================
Received Import Request.
  Time since last request: 0.711232 seconds.
  path: Packages/com.unity.xr.oculus/Editor/OculusBuildProcessor.cs
  artifactKey: Guid(a49c6d715b951224c887be5830cda0a6) Importer(815301076,1909f56bfc062723c751e8b465ee728b)
Start importing Packages/com.unity.xr.oculus/Editor/OculusBuildProcessor.cs using Guid(a49c6d715b951224c887be5830cda0a6) Importer(815301076,1909f56bfc062723c751e8b465ee728b)  -> (artifact id: '09fa1d6ff189c130a993de389673ebe4') in 0.018318 seconds 
  Import took 0.022332 seconds .

========================================================================
Received Import Request.
  Time since last request: 0.461431 seconds.
  path: Packages/com.unity.xr.oculus/Editor/OculusMetadata.cs
  artifactKey: Guid(1167b3c4ee171944b8e6c46c0b9759fe) Importer(815301076,1909f56bfc062723c751e8b465ee728b)
Start importing Packages/com.unity.xr.oculus/Editor/OculusMetadata.cs using Guid(1167b3c4ee171944b8e6c46c0b9759fe) Importer(815301076,1909f56bfc062723c751e8b465ee728b)  -> (artifact id: '357052b062c280954b467cc3b516d599') in 0.009656 seconds 
  Import took 0.014556 seconds .

========================================================================
Received Import Request.
  Time since last request: 0.386692 seconds.
  path: Packages/com.unity.xr.oculus/Editor/OculusSettingsEditor.cs
  artifactKey: Guid(1d5468858d330b044a94a6dbaa74f60b) Importer(815301076,1909f56bfc062723c751e8b465ee728b)
Start importing Packages/com.unity.xr.oculus/Editor/OculusSettingsEditor.cs using Guid(1d5468858d330b044a94a6dbaa74f60b) Importer(815301076,1909f56bfc062723c751e8b465ee728b)  -> (artifact id: 'faf475b62adb392cbf67a47f64cabd07') in 0.007267 seconds 
  Import took 0.012949 seconds .

========================================================================
Received Import Request.
  Time since last request: 2.404259 seconds.
  path: Packages/com.unity.xr.management/package.json
  artifactKey: Guid(a8437ae6df3ab4de78c661f8e1148bbb) Importer(815301076,1909f56bfc062723c751e8b465ee728b)
Start importing Packages/com.unity.xr.management/package.json using Guid(a8437ae6df3ab4de78c661f8e1148bbb) Importer(815301076,1909f56bfc062723c751e8b465ee728b)  -> (artifact id: '293963cdd951b8e74c2b8c03707a0676') in 0.002845 seconds 
  Import took 0.006880 seconds .

========================================================================
Received Import Request.
  Time since last request: 2.123440 seconds.
  path: Packages/com.unity.xr.legacyinputhelpers/Runtime/LegacyInputHelpers.asmdef
  artifactKey: Guid(28c5e819ece8a0746abb16dc5aa91f44) Importer(815301076,1909f56bfc062723c751e8b465ee728b)
Start importing Packages/com.unity.xr.legacyinputhelpers/Runtime/LegacyInputHelpers.asmdef using Guid(28c5e819ece8a0746abb16dc5aa91f44) Importer(815301076,1909f56bfc062723c751e8b465ee728b)  -> (artifact id: '89ea83a0e6cd55662dc73f3f7e970304') in 0.006145 seconds 
  Import took 0.010180 seconds .

========================================================================
Received Import Request.
  Time since last request: 1.767470 seconds.
  path: Packages/com.unity.xr.legacyinputhelpers/Tests/Editor
  artifactKey: Guid(7a4a436f8d8c5c341958531231759e0d) Importer(815301076,1909f56bfc062723c751e8b465ee728b)
Start importing Packages/com.unity.xr.legacyinputhelpers/Tests/Editor using Guid(7a4a436f8d8c5c341958531231759e0d) Importer(815301076,1909f56bfc062723c751e8b465ee728b)  -> (artifact id: '797ed190c3501b57ee3f3fee2e030f44') in 0.004895 seconds 
  Import took 0.010600 seconds .

========================================================================
Received Import Request.
  Time since last request: 0.040805 seconds.
  path: Packages/com.unity.xr.legacyinputhelpers/Tests/Editor/LegacyInputHelpersEditorTests.asmdef
  artifactKey: Guid(559bcbd55c770ea4d959cfdb857c39a5) Importer(815301076,1909f56bfc062723c751e8b465ee728b)
Start importing Packages/com.unity.xr.legacyinputhelpers/Tests/Editor/LegacyInputHelpersEditorTests.asmdef using Guid(559bcbd55c770ea4d959cfdb857c39a5) Importer(815301076,1909f56bfc062723c751e8b465ee728b)  -> (artifact id: '0ca1dac85a5a64c6e99091b9b206e462') in 0.006382 seconds 
  Import took 0.010242 seconds .

========================================================================
Received Import Request.
  Time since last request: 0.551059 seconds.
  path: Packages/com.unity.xr.legacyinputhelpers/Tests/Editor/SeedXRInputBindings
  artifactKey: Guid(f55c8aa2f418fae4693a0db0739d4b7a) Importer(815301076,1909f56bfc062723c751e8b465ee728b)
Start importing Packages/com.unity.xr.legacyinputhelpers/Tests/Editor/SeedXRInputBindings using Guid(f55c8aa2f418fae4693a0db0739d4b7a) Importer(815301076,1909f56bfc062723c751e8b465ee728b)  -> (artifact id: '8ccbeb3ac99473fffa4c14f88a6dbbe7') in 0.009145 seconds 
  Import took 0.013271 seconds .

========================================================================
Received Import Request.
  Time since last request: 1.368684 seconds.
  path: Packages/com.unity.xr.legacyinputhelpers/Editor/LegacyInputHelpersEditor.asmdef
  artifactKey: Guid(52c867deb3832554c84dc4202bd47258) Importer(815301076,1909f56bfc062723c751e8b465ee728b)
Start importing Packages/com.unity.xr.legacyinputhelpers/Editor/LegacyInputHelpersEditor.asmdef using Guid(52c867deb3832554c84dc4202bd47258) Importer(815301076,1909f56bfc062723c751e8b465ee728b)  -> (artifact id: '9f192594d7b4f2a1cc4c4e0b4b75e50f') in 0.009065 seconds 
  Import took 0.013786 seconds .

========================================================================
Received Import Request.
  Time since last request: 3.673128 seconds.
  path: Packages/com.unity.xr.legacyinputhelpers/Editor/CameraOffsetEditor.cs
  artifactKey: Guid(e42439f4b5dbd1947a2161c0c2969508) Importer(815301076,1909f56bfc062723c751e8b465ee728b)
Start importing Packages/com.unity.xr.legacyinputhelpers/Editor/CameraOffsetEditor.cs using Guid(e42439f4b5dbd1947a2161c0c2969508) Importer(815301076,1909f56bfc062723c751e8b465ee728b)  -> (artifact id: '584a1dae745340c004166baa3f11df33') in 0.007149 seconds 
  Import took 0.011248 seconds .

========================================================================
Received Import Request.
  Time since last request: 1.411288 seconds.
  path: Packages/com.unity.xr.legacyinputhelpers/Editor/MenuUtils.cs
  artifactKey: Guid(4f594677a2340704797934efc5ba0678) Importer(815301076,1909f56bfc062723c751e8b465ee728b)
Start importing Packages/com.unity.xr.legacyinputhelpers/Editor/MenuUtils.cs using Guid(4f594677a2340704797934efc5ba0678) Importer(815301076,1909f56bfc062723c751e8b465ee728b)  -> (artifact id: '2d679e2c0804eb9c2447352f7406b380') in 0.009407 seconds 
  Import took 0.014416 seconds .

========================================================================
Received Import Request.
  Time since last request: 11.618759 seconds.
  path: Assets/Anims/HandMaskGrip.mask
  artifactKey: Guid(4729d153559ee9e4d9090f22bb953c04) Importer(815301076,1909f56bfc062723c751e8b465ee728b)
Start importing Assets/Anims/HandMaskGrip.mask using Guid(4729d153559ee9e4d9090f22bb953c04) Importer(815301076,1909f56bfc062723c751e8b465ee728b)  -> (artifact id: '5e0903120a886ae41c1470568d4862fd') in 0.059913 seconds 
  Import took 0.064843 seconds .

========================================================================
Received Import Request.
  Time since last request: 0.120457 seconds.
  path: Assets/Anims/Hand_AnimCntrl.controller
  artifactKey: Guid(280864d31226d4d40acbbd6e47056f7e) Importer(815301076,1909f56bfc062723c751e8b465ee728b)
Start importing Assets/Anims/Hand_AnimCntrl.controller using Guid(280864d31226d4d40acbbd6e47056f7e) Importer(815301076,1909f56bfc062723c751e8b465ee728b)  -> (artifact id: 'a35857dc693a6d24d60ceaddb19dfaa2') in 0.012126 seconds 
  Import took 0.016709 seconds .

========================================================================
Received Import Request.
  Time since last request: 269.602118 seconds.
  path: Assets/ExampleAssets/Tutorial/Images/1-welcome-screen-image.png
  artifactKey: Guid(11e34d76fce7843be984510eca5c9139) Importer(815301076,1909f56bfc062723c751e8b465ee728b)
Start importing Assets/ExampleAssets/Tutorial/Images/1-welcome-screen-image.png using Guid(11e34d76fce7843be984510eca5c9139) Importer(815301076,1909f56bfc062723c751e8b465ee728b)  -> (artifact id: 'fed793ad071136daa1ccd2a35888d7a5') in 0.086238 seconds 
  Import took 0.092640 seconds .

========================================================================
Received Import Request.
  Time since last request: 0.000200 seconds.
  path: Assets/ExampleAssets/Materials/Controller.mat
  artifactKey: Guid(3d2e36aacd7dc084b96e0755f1af4137) Importer(815301076,1909f56bfc062723c751e8b465ee728b)
Start importing Assets/ExampleAssets/Materials/Controller.mat using Guid(3d2e36aacd7dc084b96e0755f1af4137) Importer(815301076,1909f56bfc062723c751e8b465ee728b)  -> (artifact id: '271f0d15b20c526c1bb2bd4402537b47') in 0.018947 seconds 
  Import took 0.024692 seconds .

========================================================================
Received Import Request.
  Time since last request: 14.689766 seconds.
  path: Assets/Scripts/TriGlove.cs
  artifactKey: Guid(b6285a6198c9ce448a4306f73414f4d3) Importer(815301076,1909f56bfc062723c751e8b465ee728b)
Start importing Assets/Scripts/TriGlove.cs using Guid(b6285a6198c9ce448a4306f73414f4d3) Importer(815301076,1909f56bfc062723c751e8b465ee728b)  -> (artifact id: 'd623c82c11587183299a40dce6a981b8') in 0.009940 seconds 
  Import took 0.014796 seconds .

========================================================================
Received Import Request.
  Time since last request: 9.554301 seconds.
  path: Assets/Scripts/TriGlove_Controller.cs
  artifactKey: Guid(70787e09af50d5f4688c6f1094ccaa77) Importer(815301076,1909f56bfc062723c751e8b465ee728b)
Start importing Assets/Scripts/TriGlove_Controller.cs using Guid(70787e09af50d5f4688c6f1094ccaa77) Importer(815301076,1909f56bfc062723c751e8b465ee728b)  -> (artifact id: '1791b447e95590204787e35fa7cdf77b') in 0.015250 seconds 
  Import took 0.027485 seconds .

========================================================================
Received Import Request.
  Time since last request: 11.180089 seconds.
  path: Assets/Scripts/Bullet.cs
  artifactKey: Guid(bb1b44365cf90954e9919730b37d588f) Importer(815301076,1909f56bfc062723c751e8b465ee728b)
Start importing Assets/Scripts/Bullet.cs using Guid(bb1b44365cf90954e9919730b37d588f) Importer(815301076,1909f56bfc062723c751e8b465ee728b)  -> (artifact id: 'cf0ef65f23160782f02a412f87e698fb') in 0.003391 seconds 
  Import took 0.008164 seconds .

========================================================================
Received Import Request.
  Time since last request: 59.778419 seconds.
  path: Packages/com.unity.inputsystem/package.json
  artifactKey: Guid(f0e14ea80f96b445f97b1c83650d5733) Importer(815301076,1909f56bfc062723c751e8b465ee728b)
Start importing Packages/com.unity.inputsystem/package.json using Guid(f0e14ea80f96b445f97b1c83650d5733) Importer(815301076,1909f56bfc062723c751e8b465ee728b)  -> (artifact id: '095833d9631608fc9ff53d6304e83b23') in 0.003949 seconds 
  Import took 0.008222 seconds .

========================================================================
Received Import Request.
  Time since last request: 2.024618 seconds.
  path: Packages/com.unity.inputsystem/InputSystem
  artifactKey: Guid(7be622e2320c433e83fcfd2dbb7bd468) Importer(815301076,1909f56bfc062723c751e8b465ee728b)
Start importing Packages/com.unity.inputsystem/InputSystem using Guid(7be622e2320c433e83fcfd2dbb7bd468) Importer(815301076,1909f56bfc062723c751e8b465ee728b)  -> (artifact id: '8f2161e1f1973479f590b3481340f97e') in 0.012082 seconds 
  Import took 0.016588 seconds .

========================================================================
Received Import Request.
  Time since last request: 0.052757 seconds.
  path: Packages/com.unity.inputsystem/InputSystem/Unity.InputSystem.asmdef
  artifactKey: Guid(75469ad4d38634e559750d17036d5f7c) Importer(815301076,1909f56bfc062723c751e8b465ee728b)
Start importing Packages/com.unity.inputsystem/InputSystem/Unity.InputSystem.asmdef using Guid(75469ad4d38634e559750d17036d5f7c) Importer(815301076,1909f56bfc062723c751e8b465ee728b)  -> (artifact id: '0690c90bb05b631117402d898adfd6db') in 0.006894 seconds 
  Import took 0.010909 seconds .

========================================================================
Received Import Request.
  Time since last request: 16.727508 seconds.
  path: Packages/com.unity.xr.arsubsystems/package.json
  artifactKey: Guid(138de250db28475c974590f762d87650) Importer(815301076,1909f56bfc062723c751e8b465ee728b)
Start importing Packages/com.unity.xr.arsubsystems/package.json using Guid(138de250db28475c974590f762d87650) Importer(815301076,1909f56bfc062723c751e8b465ee728b)  -> (artifact id: '66035c5d64df5f2ecc981c03edacd266') in 0.003820 seconds 
  Import took 0.010216 seconds .

========================================================================
Received Import Request.
  Time since last request: 13.735568 seconds.
  path: Assets/InputSystem.inputsettings.asset
  artifactKey: Guid(d4ba662e5035c1d4e864e4e627036b3d) Importer(815301076,1909f56bfc062723c751e8b465ee728b)
Start importing Assets/InputSystem.inputsettings.asset using Guid(d4ba662e5035c1d4e864e4e627036b3d) Importer(815301076,1909f56bfc062723c751e8b465ee728b)  -> (artifact id: '5c5b4906265e21b250e6eccbe760eb08') in 0.012058 seconds 
  Import took 0.017024 seconds .

========================================================================
Received Prepare
Registering precompiled user dll's ...
Registered in 0.010695 seconds.
Begin MonoManager ReloadAssembly
Native extension for WindowsStandalone target not found
Native extension for WebGL target not found
Refreshing native plugins compatible for Editor in 0.82 ms, found 11 plugins.
Preloading 2 native plugins for Editor in 0.19 ms.
System.Reflection.TargetInvocationException: Exception has been thrown by the target of an invocation. ---> System.NullReferenceException: Object reference not set to an instance of an object
  at Unity.XR.Oculus.OculusLoader.AssetPathToAbsolutePath (System.String assetPath) [0x00048] in C:\Users\Administrator\Documents\Personal_Admin\Projs_GandU\VR_Blast\Library\PackageCache\com.unity.xr.oculus@1.10.0\Runtime\OculusLoader.cs:250 
  at Unity.XR.Oculus.OculusLoader.EditorLoadOVRPlugin () [0x0007b] in C:\Users\Administrator\Documents\Personal_Admin\Projs_GandU\VR_Blast\Library\PackageCache\com.unity.xr.oculus@1.10.0\Runtime\OculusLoader.cs:235 
  at (wrapper managed-to-native) System.Reflection.MonoMethod.InternalInvoke(System.Reflection.MonoMethod,object,object[],System.Exception&)
  at System.Reflection.MonoMethod.Invoke (System.Object obj, System.Reflection.BindingFlags invokeAttr, System.Reflection.Binder binder, System.Object[] parameters, System.Globalization.CultureInfo culture) [0x00032] in <695d1cc93cca45069c528c15c9fdd749>:0 
   --- End of inner exception stack trace ---
  at System.Reflection.MonoMethod.Invoke (System.Object obj, System.Reflection.BindingFlags invokeAttr, System.Reflection.Binder binder, System.Object[] parameters, System.Globalization.CultureInfo culture) [0x00048] in <695d1cc93cca45069c528c15c9fdd749>:0 
  at System.Reflection.MethodBase.Invoke (System.Object obj, System.Object[] parameters) [0x00000] in <695d1cc93cca45069c528c15c9fdd749>:0 
  at UnityEditor.EditorAssemblies.ProcessInitializeOnLoadMethodAttributes () [0x00047] in <2cd7ebc9c2ef4276a8edbc7de85c89ce>:0 
UnityEngine.StackTraceUtility:ExtractStackTrace ()
UnityEngine.DebugLogHandler:LogFormat (UnityEngine.LogType,UnityEngine.Object,string,object[])
UnityEngine.Logger:Log (UnityEngine.LogType,object)
UnityEngine.Debug:LogError (object)
UnityEditor.EditorAssemblies:ProcessInitializeOnLoadMethodAttributes ()

Mono: successfully reloaded assembly
- Completed reload, in  1.174 seconds
Domain Reload Profiling:
	ReloadAssembly (1174ms)
		BeginReloadAssembly (142ms)
			ExecutionOrderSort (0ms)
			DisableScriptedObjects (4ms)
			BackupInstance (0ms)
			ReleaseScriptingObjects (0ms)
			CreateAndSetChildDomain (43ms)
		EndReloadAssembly (957ms)
			LoadAssemblies (101ms)
			RebuildTransferFunctionScriptingTraits (0ms)
			SetupTypeCache (328ms)
			ReleaseScriptCaches (1ms)
			RebuildScriptCaches (39ms)
			SetupLoadedEditorAssemblies (380ms)
				LogAssemblyErrors (0ms)
				InitializePlatformSupportModulesInManaged (5ms)
				SetLoadedEditorAssemblies (0ms)
				RefreshPlugins (1ms)
				BeforeProcessingInitializeOnLoad (86ms)
				ProcessInitializeOnLoadAttributes (260ms)
				ProcessInitializeOnLoadMethodAttributes (19ms)
				AfterProcessingInitializeOnLoad (8ms)
				EditorAssembliesLoaded (0ms)
			ExecutionOrderSort2 (0ms)
			AwakeInstancesAfterBackupRestoration (6ms)
Platform modules already initialized, skipping
Refreshing native plugins compatible for Editor in 0.75 ms, found 11 plugins.
Preloading 2 native plugins for Editor in 0.17 ms.
Unloading 2216 Unused Serialized files (Serialized files now loaded: 0)
System memory in use before: 110.2 MB.
System memory in use after: 110.4 MB.

Unloading 18 unused Assets to reduce memory usage. Loaded Objects now: 2737.
Total: 4.199000 ms (FindLiveObjects: 0.295300 ms CreateObjectMapping: 0.185500 ms MarkObjects: 3.681100 ms  DeleteObjects: 0.036200 ms)

AssetImportParameters requested are different than current active one (requested -> active):
  custom:framework-win-MediaFoundation: 216162199b28c13a410421893ffa2e32 -> 
  custom:video-decoder-ogg-theora: a1e56fd34408186e4bbccfd4996cb3dc -> 
  custom:container-muxer-webm: aa71ff27fc2769a1b78a27578f13a17b -> 
  custom:container-demuxer-webm: 4f35f7cbe854078d1ac9338744f61a02 -> 
  custom:container-demuxer-ogg: 62fdf1f143b41e24485cea50d1cbac27 -> 
  custom:video-encoder-webm-vp8: eb34c28f22e8b96e1ab97ce403110664 -> 
  custom:video-decoder-webm-vp8: 9c59270c3fd7afecdb556c50c9e8de78 -> 
  custom:audio-decoder-ogg-vorbis: bf7c407c2cedff20999df2af8eb42d56 -> 
  custom:audio-encoder-webm-vorbis: bf7c407c2cedff20999df2af8eb42d56 -> 
========================================================================
Received Prepare
Registering precompiled user dll's ...
Registered in 0.011029 seconds.
Begin MonoManager ReloadAssembly
Native extension for WindowsStandalone target not found
Native extension for WebGL target not found
Refreshing native plugins compatible for Editor in 0.75 ms, found 11 plugins.
Preloading 2 native plugins for Editor in 0.17 ms.
System.Reflection.TargetInvocationException: Exception has been thrown by the target of an invocation. ---> System.NullReferenceException: Object reference not set to an instance of an object
  at Unity.XR.Oculus.OculusLoader.AssetPathToAbsolutePath (System.String assetPath) [0x00048] in C:\Users\Administrator\Documents\Personal_Admin\Projs_GandU\VR_Blast\Library\PackageCache\com.unity.xr.oculus@1.10.0\Runtime\OculusLoader.cs:250 
  at Unity.XR.Oculus.OculusLoader.EditorLoadOVRPlugin () [0x0007b] in C:\Users\Administrator\Documents\Personal_Admin\Projs_GandU\VR_Blast\Library\PackageCache\com.unity.xr.oculus@1.10.0\Runtime\OculusLoader.cs:235 
  at (wrapper managed-to-native) System.Reflection.MonoMethod.InternalInvoke(System.Reflection.MonoMethod,object,object[],System.Exception&)
  at System.Reflection.MonoMethod.Invoke (System.Object obj, System.Reflection.BindingFlags invokeAttr, System.Reflection.Binder binder, System.Object[] parameters, System.Globalization.CultureInfo culture) [0x00032] in <695d1cc93cca45069c528c15c9fdd749>:0 
   --- End of inner exception stack trace ---
  at System.Reflection.MonoMethod.Invoke (System.Object obj, System.Reflection.BindingFlags invokeAttr, System.Reflection.Binder binder, System.Object[] parameters, System.Globalization.CultureInfo culture) [0x00048] in <695d1cc93cca45069c528c15c9fdd749>:0 
  at System.Reflection.MethodBase.Invoke (System.Object obj, System.Object[] parameters) [0x00000] in <695d1cc93cca45069c528c15c9fdd749>:0 
  at UnityEditor.EditorAssemblies.ProcessInitializeOnLoadMethodAttributes () [0x00047] in <2cd7ebc9c2ef4276a8edbc7de85c89ce>:0 
UnityEngine.StackTraceUtility:ExtractStackTrace ()
UnityEngine.DebugLogHandler:LogFormat (UnityEngine.LogType,UnityEngine.Object,string,object[])
UnityEngine.Logger:Log (UnityEngine.LogType,object)
UnityEngine.Debug:LogError (object)
UnityEditor.EditorAssemblies:ProcessInitializeOnLoadMethodAttributes ()

Mono: successfully reloaded assembly
- Completed reload, in  1.156 seconds
Domain Reload Profiling:
	ReloadAssembly (1156ms)
		BeginReloadAssembly (132ms)
			ExecutionOrderSort (0ms)
			DisableScriptedObjects (4ms)
			BackupInstance (0ms)
			ReleaseScriptingObjects (0ms)
			CreateAndSetChildDomain (43ms)
		EndReloadAssembly (950ms)
			LoadAssemblies (105ms)
			RebuildTransferFunctionScriptingTraits (0ms)
			SetupTypeCache (328ms)
			ReleaseScriptCaches (1ms)
			RebuildScriptCaches (41ms)
			SetupLoadedEditorAssemblies (369ms)
				LogAssemblyErrors (0ms)
				InitializePlatformSupportModulesInManaged (5ms)
				SetLoadedEditorAssemblies (0ms)
				RefreshPlugins (1ms)
				BeforeProcessingInitializeOnLoad (87ms)
				ProcessInitializeOnLoadAttributes (250ms)
				ProcessInitializeOnLoadMethodAttributes (18ms)
				AfterProcessingInitializeOnLoad (8ms)
				EditorAssembliesLoaded (0ms)
			ExecutionOrderSort2 (0ms)
			AwakeInstancesAfterBackupRestoration (6ms)
Platform modules already initialized, skipping
Refreshing native plugins compatible for Editor in 0.76 ms, found 11 plugins.
Preloading 2 native plugins for Editor in 0.17 ms.
Unloading 2216 Unused Serialized files (Serialized files now loaded: 0)
System memory in use before: 110.2 MB.
System memory in use after: 110.4 MB.

Unloading 17 unused Assets to reduce memory usage. Loaded Objects now: 2740.
Total: 3.907300 ms (FindLiveObjects: 0.220900 ms CreateObjectMapping: 0.092200 ms MarkObjects: 3.565400 ms  DeleteObjects: 0.027600 ms)

AssetImportParameters requested are different than current active one (requested -> active):
  custom:framework-win-MediaFoundation: 216162199b28c13a410421893ffa2e32 -> 
  custom:video-decoder-ogg-theora: a1e56fd34408186e4bbccfd4996cb3dc -> 
  custom:container-muxer-webm: aa71ff27fc2769a1b78a27578f13a17b -> 
  custom:container-demuxer-webm: 4f35f7cbe854078d1ac9338744f61a02 -> 
  custom:container-demuxer-ogg: 62fdf1f143b41e24485cea50d1cbac27 -> 
  custom:video-encoder-webm-vp8: eb34c28f22e8b96e1ab97ce403110664 -> 
  custom:video-decoder-webm-vp8: 9c59270c3fd7afecdb556c50c9e8de78 -> 
  custom:audio-decoder-ogg-vorbis: bf7c407c2cedff20999df2af8eb42d56 -> 
  custom:audio-encoder-webm-vorbis: bf7c407c2cedff20999df2af8eb42d56 -> 
========================================================================
Received Prepare
Registering precompiled user dll's ...
Registered in 0.010079 seconds.
Begin MonoManager ReloadAssembly
Native extension for WindowsStandalone target not found
Native extension for WebGL target not found
Refreshing native plugins compatible for Editor in 0.78 ms, found 11 plugins.
Preloading 2 native plugins for Editor in 0.17 ms.
System.Reflection.TargetInvocationException: Exception has been thrown by the target of an invocation. ---> System.NullReferenceException: Object reference not set to an instance of an object
  at Unity.XR.Oculus.OculusLoader.AssetPathToAbsolutePath (System.String assetPath) [0x00048] in C:\Users\Administrator\Documents\Personal_Admin\Projs_GandU\VR_Blast\Library\PackageCache\com.unity.xr.oculus@1.10.0\Runtime\OculusLoader.cs:250 
  at Unity.XR.Oculus.OculusLoader.EditorLoadOVRPlugin () [0x0007b] in C:\Users\Administrator\Documents\Personal_Admin\Projs_GandU\VR_Blast\Library\PackageCache\com.unity.xr.oculus@1.10.0\Runtime\OculusLoader.cs:235 
  at (wrapper managed-to-native) System.Reflection.MonoMethod.InternalInvoke(System.Reflection.MonoMethod,object,object[],System.Exception&)
  at System.Reflection.MonoMethod.Invoke (System.Object obj, System.Reflection.BindingFlags invokeAttr, System.Reflection.Binder binder, System.Object[] parameters, System.Globalization.CultureInfo culture) [0x00032] in <695d1cc93cca45069c528c15c9fdd749>:0 
   --- End of inner exception stack trace ---
  at System.Reflection.MonoMethod.Invoke (System.Object obj, System.Reflection.BindingFlags invokeAttr, System.Reflection.Binder binder, System.Object[] parameters, System.Globalization.CultureInfo culture) [0x00048] in <695d1cc93cca45069c528c15c9fdd749>:0 
  at System.Reflection.MethodBase.Invoke (System.Object obj, System.Object[] parameters) [0x00000] in <695d1cc93cca45069c528c15c9fdd749>:0 
  at UnityEditor.EditorAssemblies.ProcessInitializeOnLoadMethodAttributes () [0x00047] in <2cd7ebc9c2ef4276a8edbc7de85c89ce>:0 
UnityEngine.StackTraceUtility:ExtractStackTrace ()
UnityEngine.DebugLogHandler:LogFormat (UnityEngine.LogType,UnityEngine.Object,string,object[])
UnityEngine.Logger:Log (UnityEngine.LogType,object)
UnityEngine.Debug:LogError (object)
UnityEditor.EditorAssemblies:ProcessInitializeOnLoadMethodAttributes ()

Mono: successfully reloaded assembly
- Completed reload, in  1.236 seconds
Domain Reload Profiling:
	ReloadAssembly (1237ms)
		BeginReloadAssembly (136ms)
			ExecutionOrderSort (0ms)
			DisableScriptedObjects (5ms)
			BackupInstance (0ms)
			ReleaseScriptingObjects (0ms)
			CreateAndSetChildDomain (44ms)
		EndReloadAssembly (1023ms)
			LoadAssemblies (108ms)
			RebuildTransferFunctionScriptingTraits (0ms)
			SetupTypeCache (346ms)
			ReleaseScriptCaches (1ms)
			RebuildScriptCaches (43ms)
			SetupLoadedEditorAssemblies (406ms)
				LogAssemblyErrors (0ms)
				InitializePlatformSupportModulesInManaged (5ms)
				SetLoadedEditorAssemblies (1ms)
				RefreshPlugins (1ms)
				BeforeProcessingInitializeOnLoad (94ms)
				ProcessInitializeOnLoadAttributes (278ms)
				ProcessInitializeOnLoadMethodAttributes (19ms)
				AfterProcessingInitializeOnLoad (9ms)
				EditorAssembliesLoaded (0ms)
			ExecutionOrderSort2 (0ms)
			AwakeInstancesAfterBackupRestoration (6ms)
Platform modules already initialized, skipping
Refreshing native plugins compatible for Editor in 0.79 ms, found 11 plugins.
Preloading 2 native plugins for Editor in 0.17 ms.
Unloading 2216 Unused Serialized files (Serialized files now loaded: 0)
System memory in use before: 110.4 MB.
System memory in use after: 110.6 MB.

Unloading 17 unused Assets to reduce memory usage. Loaded Objects now: 2743.
Total: 3.825800 ms (FindLiveObjects: 0.282500 ms CreateObjectMapping: 0.183300 ms MarkObjects: 3.333600 ms  DeleteObjects: 0.025100 ms)

AssetImportParameters requested are different than current active one (requested -> active):
  custom:framework-win-MediaFoundation: 216162199b28c13a410421893ffa2e32 -> 
  custom:video-decoder-ogg-theora: a1e56fd34408186e4bbccfd4996cb3dc -> 
  custom:container-muxer-webm: aa71ff27fc2769a1b78a27578f13a17b -> 
  custom:container-demuxer-webm: 4f35f7cbe854078d1ac9338744f61a02 -> 
  custom:container-demuxer-ogg: 62fdf1f143b41e24485cea50d1cbac27 -> 
  custom:video-encoder-webm-vp8: eb34c28f22e8b96e1ab97ce403110664 -> 
  custom:video-decoder-webm-vp8: 9c59270c3fd7afecdb556c50c9e8de78 -> 
  custom:audio-decoder-ogg-vorbis: bf7c407c2cedff20999df2af8eb42d56 -> 
  custom:audio-encoder-webm-vorbis: bf7c407c2cedff20999df2af8eb42d56 -> 
========================================================================
Received Import Request.
  Time since last request: 939.320575 seconds.
  path: Assets/MyXRInputActions/DefaultControls.inputactions
  artifactKey: Guid(88f5303ab9df68241810d976e38913f2) Importer(815301076,1909f56bfc062723c751e8b465ee728b)
Start importing Assets/MyXRInputActions/DefaultControls.inputactions using Guid(88f5303ab9df68241810d976e38913f2) Importer(815301076,1909f56bfc062723c751e8b465ee728b)  -> (artifact id: '03a37fa6d946b37f947806b0aad0eed5') in 0.028427 seconds 
  Import took 0.032964 seconds .

========================================================================
Received Import Request.
  Time since last request: 2.819936 seconds.
  path: Assets/MyXRInputActions/DefaultControls.inputactions
  artifactKey: Guid(88f5303ab9df68241810d976e38913f2) Importer(815301076,1909f56bfc062723c751e8b465ee728b)
Start importing Assets/MyXRInputActions/DefaultControls.inputactions using Guid(88f5303ab9df68241810d976e38913f2) Importer(815301076,1909f56bfc062723c751e8b465ee728b)  -> (artifact id: '57f9556e723b6802512168300a3fcb94') in 0.010188 seconds 
  Import took 0.014659 seconds .

========================================================================
Received Import Request.
  Time since last request: 4.657543 seconds.
  path: Assets/MyXRInputActions/DefaultControls.inputactions
  artifactKey: Guid(88f5303ab9df68241810d976e38913f2) Importer(815301076,1909f56bfc062723c751e8b465ee728b)
Start importing Assets/MyXRInputActions/DefaultControls.inputactions using Guid(88f5303ab9df68241810d976e38913f2) Importer(815301076,1909f56bfc062723c751e8b465ee728b)  -> (artifact id: '0c87edeb898f77bf4b38dc5259f688f9') in 0.005777 seconds 
  Import took 0.010976 seconds .

========================================================================
Received Import Request.
  Time since last request: 24.015798 seconds.
  path: Assets/MyXRInputActions/DefaultControls.inputactions
  artifactKey: Guid(88f5303ab9df68241810d976e38913f2) Importer(815301076,1909f56bfc062723c751e8b465ee728b)
Start importing Assets/MyXRInputActions/DefaultControls.inputactions using Guid(88f5303ab9df68241810d976e38913f2) Importer(815301076,1909f56bfc062723c751e8b465ee728b)  -> (artifact id: '382238dbe6e019d9403bc401f5b225fb') in 0.005785 seconds 
  Import took 0.010403 seconds .

========================================================================
Received Import Request.
  Time since last request: 5.096220 seconds.
  path: Assets/MyXRInputActions/DefaultControls.inputactions
  artifactKey: Guid(88f5303ab9df68241810d976e38913f2) Importer(815301076,1909f56bfc062723c751e8b465ee728b)
Start importing Assets/MyXRInputActions/DefaultControls.inputactions using Guid(88f5303ab9df68241810d976e38913f2) Importer(815301076,1909f56bfc062723c751e8b465ee728b)  -> (artifact id: 'ad778c57696abf0212d288c77c8a938c') in 0.005519 seconds 
  Import took 0.010042 seconds .

========================================================================
Received Prepare
Registering precompiled user dll's ...
Registered in 0.010635 seconds.
Begin MonoManager ReloadAssembly
Native extension for WindowsStandalone target not found
Native extension for WebGL target not found
Refreshing native plugins compatible for Editor in 0.83 ms, found 11 plugins.
Preloading 2 native plugins for Editor in 0.19 ms.
System.Reflection.TargetInvocationException: Exception has been thrown by the target of an invocation. ---> System.NullReferenceException: Object reference not set to an instance of an object
  at Unity.XR.Oculus.OculusLoader.AssetPathToAbsolutePath (System.String assetPath) [0x00048] in C:\Users\Administrator\Documents\Personal_Admin\Projs_GandU\VR_Blast\Library\PackageCache\com.unity.xr.oculus@1.10.0\Runtime\OculusLoader.cs:250 
  at Unity.XR.Oculus.OculusLoader.EditorLoadOVRPlugin () [0x0007b] in C:\Users\Administrator\Documents\Personal_Admin\Projs_GandU\VR_Blast\Library\PackageCache\com.unity.xr.oculus@1.10.0\Runtime\OculusLoader.cs:235 
  at (wrapper managed-to-native) System.Reflection.MonoMethod.InternalInvoke(System.Reflection.MonoMethod,object,object[],System.Exception&)
  at System.Reflection.MonoMethod.Invoke (System.Object obj, System.Reflection.BindingFlags invokeAttr, System.Reflection.Binder binder, System.Object[] parameters, System.Globalization.CultureInfo culture) [0x00032] in <695d1cc93cca45069c528c15c9fdd749>:0 
   --- End of inner exception stack trace ---
  at System.Reflection.MonoMethod.Invoke (System.Object obj, System.Reflection.BindingFlags invokeAttr, System.Reflection.Binder binder, System.Object[] parameters, System.Globalization.CultureInfo culture) [0x00048] in <695d1cc93cca45069c528c15c9fdd749>:0 
  at System.Reflection.MethodBase.Invoke (System.Object obj, System.Object[] parameters) [0x00000] in <695d1cc93cca45069c528c15c9fdd749>:0 
  at UnityEditor.EditorAssemblies.ProcessInitializeOnLoadMethodAttributes () [0x00047] in <2cd7ebc9c2ef4276a8edbc7de85c89ce>:0 
UnityEngine.StackTraceUtility:ExtractStackTrace ()
UnityEngine.DebugLogHandler:LogFormat (UnityEngine.LogType,UnityEngine.Object,string,object[])
UnityEngine.Logger:Log (UnityEngine.LogType,object)
UnityEngine.Debug:LogError (object)
UnityEditor.EditorAssemblies:ProcessInitializeOnLoadMethodAttributes ()

Mono: successfully reloaded assembly
- Completed reload, in  1.141 seconds
Domain Reload Profiling:
	ReloadAssembly (1142ms)
		BeginReloadAssembly (129ms)
			ExecutionOrderSort (0ms)
			DisableScriptedObjects (4ms)
			BackupInstance (0ms)
			ReleaseScriptingObjects (0ms)
			CreateAndSetChildDomain (42ms)
		EndReloadAssembly (944ms)
			LoadAssemblies (97ms)
			RebuildTransferFunctionScriptingTraits (0ms)
			SetupTypeCache (325ms)
			ReleaseScriptCaches (1ms)
			RebuildScriptCaches (41ms)
			SetupLoadedEditorAssemblies (370ms)
				LogAssemblyErrors (0ms)
				InitializePlatformSupportModulesInManaged (5ms)
				SetLoadedEditorAssemblies (0ms)
				RefreshPlugins (1ms)
				BeforeProcessingInitializeOnLoad (87ms)
				ProcessInitializeOnLoadAttributes (249ms)
				ProcessInitializeOnLoadMethodAttributes (18ms)
				AfterProcessingInitializeOnLoad (8ms)
				EditorAssembliesLoaded (0ms)
			ExecutionOrderSort2 (0ms)
			AwakeInstancesAfterBackupRestoration (6ms)
Platform modules already initialized, skipping
Refreshing native plugins compatible for Editor in 0.76 ms, found 11 plugins.
Preloading 2 native plugins for Editor in 0.16 ms.
Unloading 2216 Unused Serialized files (Serialized files now loaded: 0)
System memory in use before: 110.4 MB.
System memory in use after: 110.7 MB.

Unloading 17 unused Assets to reduce memory usage. Loaded Objects now: 2746.
Total: 4.044500 ms (FindLiveObjects: 0.285200 ms CreateObjectMapping: 0.183800 ms MarkObjects: 3.540800 ms  DeleteObjects: 0.033400 ms)

AssetImportParameters requested are different than current active one (requested -> active):
  custom:framework-win-MediaFoundation: 216162199b28c13a410421893ffa2e32 -> 
  custom:video-decoder-ogg-theora: a1e56fd34408186e4bbccfd4996cb3dc -> 
  custom:container-muxer-webm: aa71ff27fc2769a1b78a27578f13a17b -> 
  custom:container-demuxer-webm: 4f35f7cbe854078d1ac9338744f61a02 -> 
  custom:container-demuxer-ogg: 62fdf1f143b41e24485cea50d1cbac27 -> 
  custom:video-encoder-webm-vp8: eb34c28f22e8b96e1ab97ce403110664 -> 
  custom:video-decoder-webm-vp8: 9c59270c3fd7afecdb556c50c9e8de78 -> 
  custom:audio-decoder-ogg-vorbis: bf7c407c2cedff20999df2af8eb42d56 -> 
  custom:audio-encoder-webm-vorbis: bf7c407c2cedff20999df2af8eb42d56 -> 
========================================================================
Received Import Request.
  Time since last request: 78.929031 seconds.
  path: Assets/MyXRInputActions/DefaultControls.inputactions
  artifactKey: Guid(88f5303ab9df68241810d976e38913f2) Importer(815301076,1909f56bfc062723c751e8b465ee728b)
Start importing Assets/MyXRInputActions/DefaultControls.inputactions using Guid(88f5303ab9df68241810d976e38913f2) Importer(815301076,1909f56bfc062723c751e8b465ee728b)  -> (artifact id: 'b816967dec497ba9e44ddcb1ae667cff') in 0.020394 seconds 
  Import took 0.024444 seconds .

========================================================================
Received Import Request.
  Time since last request: 3.330229 seconds.
  path: Assets/MyXRInputActions/DefaultControls.inputactions
  artifactKey: Guid(88f5303ab9df68241810d976e38913f2) Importer(815301076,1909f56bfc062723c751e8b465ee728b)
Start importing Assets/MyXRInputActions/DefaultControls.inputactions using Guid(88f5303ab9df68241810d976e38913f2) Importer(815301076,1909f56bfc062723c751e8b465ee728b)  -> (artifact id: '1e993360848a96814f8f324c312facb7') in 0.005859 seconds 
  Import took 0.010654 seconds .

========================================================================
Received Prepare
Registering precompiled user dll's ...
Registered in 0.010562 seconds.
Begin MonoManager ReloadAssembly
Native extension for WindowsStandalone target not found
Native extension for WebGL target not found
Refreshing native plugins compatible for Editor in 0.75 ms, found 11 plugins.
Preloading 2 native plugins for Editor in 0.17 ms.
System.Reflection.TargetInvocationException: Exception has been thrown by the target of an invocation. ---> System.NullReferenceException: Object reference not set to an instance of an object
  at Unity.XR.Oculus.OculusLoader.AssetPathToAbsolutePath (System.String assetPath) [0x00048] in C:\Users\Administrator\Documents\Personal_Admin\Projs_GandU\VR_Blast\Library\PackageCache\com.unity.xr.oculus@1.10.0\Runtime\OculusLoader.cs:250 
  at Unity.XR.Oculus.OculusLoader.EditorLoadOVRPlugin () [0x0007b] in C:\Users\Administrator\Documents\Personal_Admin\Projs_GandU\VR_Blast\Library\PackageCache\com.unity.xr.oculus@1.10.0\Runtime\OculusLoader.cs:235 
  at (wrapper managed-to-native) System.Reflection.MonoMethod.InternalInvoke(System.Reflection.MonoMethod,object,object[],System.Exception&)
  at System.Reflection.MonoMethod.Invoke (System.Object obj, System.Reflection.BindingFlags invokeAttr, System.Reflection.Binder binder, System.Object[] parameters, System.Globalization.CultureInfo culture) [0x00032] in <695d1cc93cca45069c528c15c9fdd749>:0 
   --- End of inner exception stack trace ---
  at System.Reflection.MonoMethod.Invoke (System.Object obj, System.Reflection.BindingFlags invokeAttr, System.Reflection.Binder binder, System.Object[] parameters, System.Globalization.CultureInfo culture) [0x00048] in <695d1cc93cca45069c528c15c9fdd749>:0 
  at System.Reflection.MethodBase.Invoke (System.Object obj, System.Object[] parameters) [0x00000] in <695d1cc93cca45069c528c15c9fdd749>:0 
  at UnityEditor.EditorAssemblies.ProcessInitializeOnLoadMethodAttributes () [0x00047] in <2cd7ebc9c2ef4276a8edbc7de85c89ce>:0 
UnityEngine.StackTraceUtility:ExtractStackTrace ()
UnityEngine.DebugLogHandler:LogFormat (UnityEngine.LogType,UnityEngine.Object,string,object[])
UnityEngine.Logger:Log (UnityEngine.LogType,object)
UnityEngine.Debug:LogError (object)
UnityEditor.EditorAssemblies:ProcessInitializeOnLoadMethodAttributes ()

Mono: successfully reloaded assembly
- Completed reload, in  1.161 seconds
Domain Reload Profiling:
	ReloadAssembly (1162ms)
		BeginReloadAssembly (130ms)
			ExecutionOrderSort (0ms)
			DisableScriptedObjects (4ms)
			BackupInstance (0ms)
			ReleaseScriptingObjects (0ms)
			CreateAndSetChildDomain (40ms)
		EndReloadAssembly (963ms)
			LoadAssemblies (99ms)
			RebuildTransferFunctionScriptingTraits (0ms)
			SetupTypeCache (318ms)
			ReleaseScriptCaches (1ms)
			RebuildScriptCaches (42ms)
			SetupLoadedEditorAssemblies (389ms)
				LogAssemblyErrors (0ms)
				InitializePlatformSupportModulesInManaged (5ms)
				SetLoadedEditorAssemblies (0ms)
				RefreshPlugins (1ms)
				BeforeProcessingInitializeOnLoad (86ms)
				ProcessInitializeOnLoadAttributes (268ms)
				ProcessInitializeOnLoadMethodAttributes (18ms)
				AfterProcessingInitializeOnLoad (9ms)
				EditorAssembliesLoaded (0ms)
			ExecutionOrderSort2 (0ms)
			AwakeInstancesAfterBackupRestoration (7ms)
Platform modules already initialized, skipping
Refreshing native plugins compatible for Editor in 0.77 ms, found 11 plugins.
Preloading 2 native plugins for Editor in 0.17 ms.
Unloading 2216 Unused Serialized files (Serialized files now loaded: 0)
System memory in use before: 110.5 MB.
System memory in use after: 110.7 MB.

Unloading 17 unused Assets to reduce memory usage. Loaded Objects now: 2749.
Total: 4.858600 ms (FindLiveObjects: 0.398300 ms CreateObjectMapping: 0.320600 ms MarkObjects: 4.115400 ms  DeleteObjects: 0.022900 ms)

AssetImportParameters requested are different than current active one (requested -> active):
  custom:framework-win-MediaFoundation: 216162199b28c13a410421893ffa2e32 -> 
  custom:video-decoder-ogg-theora: a1e56fd34408186e4bbccfd4996cb3dc -> 
  custom:container-muxer-webm: aa71ff27fc2769a1b78a27578f13a17b -> 
  custom:container-demuxer-webm: 4f35f7cbe854078d1ac9338744f61a02 -> 
  custom:container-demuxer-ogg: 62fdf1f143b41e24485cea50d1cbac27 -> 
  custom:video-encoder-webm-vp8: eb34c28f22e8b96e1ab97ce403110664 -> 
  custom:video-decoder-webm-vp8: 9c59270c3fd7afecdb556c50c9e8de78 -> 
  custom:audio-decoder-ogg-vorbis: bf7c407c2cedff20999df2af8eb42d56 -> 
  custom:audio-encoder-webm-vorbis: bf7c407c2cedff20999df2af8eb42d56 -> 
========================================================================
Received Prepare
Registering precompiled user dll's ...
Registered in 0.013180 seconds.
Begin MonoManager ReloadAssembly
Native extension for WindowsStandalone target not found
Native extension for WebGL target not found
Refreshing native plugins compatible for Editor in 0.85 ms, found 11 plugins.
Preloading 2 native plugins for Editor in 0.28 ms.
System.Reflection.TargetInvocationException: Exception has been thrown by the target of an invocation. ---> System.NullReferenceException: Object reference not set to an instance of an object
  at Unity.XR.Oculus.OculusLoader.AssetPathToAbsolutePath (System.String assetPath) [0x00048] in C:\Users\Administrator\Documents\Personal_Admin\Projs_GandU\VR_Blast\Library\PackageCache\com.unity.xr.oculus@1.10.0\Runtime\OculusLoader.cs:250 
  at Unity.XR.Oculus.OculusLoader.EditorLoadOVRPlugin () [0x0007b] in C:\Users\Administrator\Documents\Personal_Admin\Projs_GandU\VR_Blast\Library\PackageCache\com.unity.xr.oculus@1.10.0\Runtime\OculusLoader.cs:235 
  at (wrapper managed-to-native) System.Reflection.MonoMethod.InternalInvoke(System.Reflection.MonoMethod,object,object[],System.Exception&)
  at System.Reflection.MonoMethod.Invoke (System.Object obj, System.Reflection.BindingFlags invokeAttr, System.Reflection.Binder binder, System.Object[] parameters, System.Globalization.CultureInfo culture) [0x00032] in <695d1cc93cca45069c528c15c9fdd749>:0 
   --- End of inner exception stack trace ---
  at System.Reflection.MonoMethod.Invoke (System.Object obj, System.Reflection.BindingFlags invokeAttr, System.Reflection.Binder binder, System.Object[] parameters, System.Globalization.CultureInfo culture) [0x00048] in <695d1cc93cca45069c528c15c9fdd749>:0 
  at System.Reflection.MethodBase.Invoke (System.Object obj, System.Object[] parameters) [0x00000] in <695d1cc93cca45069c528c15c9fdd749>:0 
  at UnityEditor.EditorAssemblies.ProcessInitializeOnLoadMethodAttributes () [0x00047] in <2cd7ebc9c2ef4276a8edbc7de85c89ce>:0 
UnityEngine.StackTraceUtility:ExtractStackTrace ()
UnityEngine.DebugLogHandler:LogFormat (UnityEngine.LogType,UnityEngine.Object,string,object[])
UnityEngine.Logger:Log (UnityEngine.LogType,object)
UnityEngine.Debug:LogError (object)
UnityEditor.EditorAssemblies:ProcessInitializeOnLoadMethodAttributes ()

Mono: successfully reloaded assembly
- Completed reload, in  1.400 seconds
Domain Reload Profiling:
	ReloadAssembly (1401ms)
		BeginReloadAssembly (145ms)
			ExecutionOrderSort (0ms)
			DisableScriptedObjects (5ms)
			BackupInstance (0ms)
			ReleaseScriptingObjects (0ms)
			CreateAndSetChildDomain (42ms)
		EndReloadAssembly (1177ms)
			LoadAssemblies (120ms)
			RebuildTransferFunctionScriptingTraits (0ms)
			SetupTypeCache (401ms)
			ReleaseScriptCaches (1ms)
			RebuildScriptCaches (48ms)
			SetupLoadedEditorAssemblies (477ms)
				LogAssemblyErrors (0ms)
				InitializePlatformSupportModulesInManaged (6ms)
				SetLoadedEditorAssemblies (1ms)
				RefreshPlugins (1ms)
				BeforeProcessingInitializeOnLoad (122ms)
				ProcessInitializeOnLoadAttributes (318ms)
				ProcessInitializeOnLoadMethodAttributes (19ms)
				AfterProcessingInitializeOnLoad (9ms)
				EditorAssembliesLoaded (0ms)
			ExecutionOrderSort2 (0ms)
			AwakeInstancesAfterBackupRestoration (8ms)
Platform modules already initialized, skipping
Refreshing native plugins compatible for Editor in 0.77 ms, found 11 plugins.
Preloading 2 native plugins for Editor in 0.17 ms.
Unloading 2216 Unused Serialized files (Serialized files now loaded: 0)
System memory in use before: 110.5 MB.
System memory in use after: 110.7 MB.

Unloading 17 unused Assets to reduce memory usage. Loaded Objects now: 2752.
Total: 3.604700 ms (FindLiveObjects: 0.214200 ms CreateObjectMapping: 0.093600 ms MarkObjects: 3.275800 ms  DeleteObjects: 0.020100 ms)

AssetImportParameters requested are different than current active one (requested -> active):
  custom:framework-win-MediaFoundation: 216162199b28c13a410421893ffa2e32 -> 
  custom:video-decoder-ogg-theora: a1e56fd34408186e4bbccfd4996cb3dc -> 
  custom:container-muxer-webm: aa71ff27fc2769a1b78a27578f13a17b -> 
  custom:container-demuxer-webm: 4f35f7cbe854078d1ac9338744f61a02 -> 
  custom:container-demuxer-ogg: 62fdf1f143b41e24485cea50d1cbac27 -> 
  custom:video-encoder-webm-vp8: eb34c28f22e8b96e1ab97ce403110664 -> 
  custom:video-decoder-webm-vp8: 9c59270c3fd7afecdb556c50c9e8de78 -> 
  custom:audio-decoder-ogg-vorbis: bf7c407c2cedff20999df2af8eb42d56 -> 
  custom:audio-encoder-webm-vorbis: bf7c407c2cedff20999df2af8eb42d56 -> 
========================================================================
Received Import Request.
  Time since last request: 456.668597 seconds.
  path: Assets/Scenes/PowerGauntletDemo.unity
  artifactKey: Guid(ee11a63f1019918489e5c1852df95214) Importer(815301076,1909f56bfc062723c751e8b465ee728b)
Start importing Assets/Scenes/PowerGauntletDemo.unity using Guid(ee11a63f1019918489e5c1852df95214) Importer(815301076,1909f56bfc062723c751e8b465ee728b)  -> (artifact id: '78d23b73441ca646b81a764921f0f4be') in 0.023535 seconds 
  Import took 0.029274 seconds .

========================================================================
Received Prepare
Registering precompiled user dll's ...
Registered in 0.012372 seconds.
Begin MonoManager ReloadAssembly
Native extension for WindowsStandalone target not found
Native extension for WebGL target not found
Refreshing native plugins compatible for Editor in 0.75 ms, found 11 plugins.
Preloading 2 native plugins for Editor in 0.22 ms.
System.Reflection.TargetInvocationException: Exception has been thrown by the target of an invocation. ---> System.NullReferenceException: Object reference not set to an instance of an object
  at Unity.XR.Oculus.OculusLoader.AssetPathToAbsolutePath (System.String assetPath) [0x00048] in C:\Users\Administrator\Documents\Personal_Admin\Projs_GandU\VR_Blast\Library\PackageCache\com.unity.xr.oculus@1.10.0\Runtime\OculusLoader.cs:250 
  at Unity.XR.Oculus.OculusLoader.EditorLoadOVRPlugin () [0x0007b] in C:\Users\Administrator\Documents\Personal_Admin\Projs_GandU\VR_Blast\Library\PackageCache\com.unity.xr.oculus@1.10.0\Runtime\OculusLoader.cs:235 
  at (wrapper managed-to-native) System.Reflection.MonoMethod.InternalInvoke(System.Reflection.MonoMethod,object,object[],System.Exception&)
  at System.Reflection.MonoMethod.Invoke (System.Object obj, System.Reflection.BindingFlags invokeAttr, System.Reflection.Binder binder, System.Object[] parameters, System.Globalization.CultureInfo culture) [0x00032] in <695d1cc93cca45069c528c15c9fdd749>:0 
   --- End of inner exception stack trace ---
  at System.Reflection.MonoMethod.Invoke (System.Object obj, System.Reflection.BindingFlags invokeAttr, System.Reflection.Binder binder, System.Object[] parameters, System.Globalization.CultureInfo culture) [0x00048] in <695d1cc93cca45069c528c15c9fdd749>:0 
  at System.Reflection.MethodBase.Invoke (System.Object obj, System.Object[] parameters) [0x00000] in <695d1cc93cca45069c528c15c9fdd749>:0 
  at UnityEditor.EditorAssemblies.ProcessInitializeOnLoadMethodAttributes () [0x00047] in <2cd7ebc9c2ef4276a8edbc7de85c89ce>:0 
UnityEngine.StackTraceUtility:ExtractStackTrace ()
UnityEngine.DebugLogHandler:LogFormat (UnityEngine.LogType,UnityEngine.Object,string,object[])
UnityEngine.Logger:Log (UnityEngine.LogType,object)
UnityEngine.Debug:LogError (object)
UnityEditor.EditorAssemblies:ProcessInitializeOnLoadMethodAttributes ()

Mono: successfully reloaded assembly
- Completed reload, in  1.133 seconds
Domain Reload Profiling:
	ReloadAssembly (1133ms)
		BeginReloadAssembly (119ms)
			ExecutionOrderSort (0ms)
			DisableScriptedObjects (4ms)
			BackupInstance (0ms)
			ReleaseScriptingObjects (0ms)
			CreateAndSetChildDomain (36ms)
		EndReloadAssembly (946ms)
			LoadAssemblies (97ms)
			RebuildTransferFunctionScriptingTraits (0ms)
			SetupTypeCache (329ms)
			ReleaseScriptCaches (1ms)
			RebuildScriptCaches (40ms)
			SetupLoadedEditorAssemblies (364ms)
				LogAssemblyErrors (0ms)
				InitializePlatformSupportModulesInManaged (5ms)
				SetLoadedEditorAssemblies (0ms)
				RefreshPlugins (1ms)
				BeforeProcessingInitializeOnLoad (85ms)
				ProcessInitializeOnLoadAttributes (246ms)
				ProcessInitializeOnLoadMethodAttributes (18ms)
				AfterProcessingInitializeOnLoad (8ms)
				EditorAssembliesLoaded (0ms)
			ExecutionOrderSort2 (0ms)
			AwakeInstancesAfterBackupRestoration (8ms)
Platform modules already initialized, skipping
Refreshing native plugins compatible for Editor in 1.20 ms, found 11 plugins.
Preloading 2 native plugins for Editor in 0.22 ms.
Unloading 2216 Unused Serialized files (Serialized files now loaded: 0)
System memory in use before: 110.4 MB.
System memory in use after: 110.6 MB.

Unloading 17 unused Assets to reduce memory usage. Loaded Objects now: 2755.
Total: 4.028100 ms (FindLiveObjects: 0.324200 ms CreateObjectMapping: 0.105800 ms MarkObjects: 3.572200 ms  DeleteObjects: 0.024500 ms)

AssetImportParameters requested are different than current active one (requested -> active):
  custom:framework-win-MediaFoundation: 216162199b28c13a410421893ffa2e32 -> 
  custom:video-decoder-ogg-theora: a1e56fd34408186e4bbccfd4996cb3dc -> 
  custom:container-muxer-webm: aa71ff27fc2769a1b78a27578f13a17b -> 
  custom:container-demuxer-webm: 4f35f7cbe854078d1ac9338744f61a02 -> 
  custom:container-demuxer-ogg: 62fdf1f143b41e24485cea50d1cbac27 -> 
  custom:video-encoder-webm-vp8: eb34c28f22e8b96e1ab97ce403110664 -> 
  custom:video-decoder-webm-vp8: 9c59270c3fd7afecdb556c50c9e8de78 -> 
  custom:audio-decoder-ogg-vorbis: bf7c407c2cedff20999df2af8eb42d56 -> 
  custom:audio-encoder-webm-vorbis: bf7c407c2cedff20999df2af8eb42d56 -> 
========================================================================
Received Import Request.
  Time since last request: 72.540403 seconds.
  path: Assets/Scenes/PowerGauntletDemo/LightingData.asset
  artifactKey: Guid(fbc36a824765ee54183685cfc3214936) Importer(815301076,1909f56bfc062723c751e8b465ee728b)
Start importing Assets/Scenes/PowerGauntletDemo/LightingData.asset using Guid(fbc36a824765ee54183685cfc3214936) Importer(815301076,1909f56bfc062723c751e8b465ee728b)  -> (artifact id: '7c9e684ec81864a854b55e68163d3af1') in 0.020730 seconds 
  Import took 0.025189 seconds .

========================================================================
Received Import Request.
  Time since last request: 0.000328 seconds.
  path: Assets/Scenes/PowerGauntletDemo/ReflectionProbe-0.exr
  artifactKey: Guid(117002ff0e14e3d4fbdd3825eb240457) Importer(815301076,1909f56bfc062723c751e8b465ee728b)
Start importing Assets/Scenes/PowerGauntletDemo/ReflectionProbe-0.exr using Guid(117002ff0e14e3d4fbdd3825eb240457) Importer(815301076,1909f56bfc062723c751e8b465ee728b)  -> (artifact id: 'b2fe5d403b71ae15b7561f441fbae291') in 0.096457 seconds 
  Import took 0.099752 seconds .

========================================================================
Received Import Request.
  Time since last request: 128.651592 seconds.
  path: Assets/Scenes/Lighting_PowerGauntlet.lighting
  artifactKey: Guid(0e1429d48add6284dafe5acb23fbb09c) Importer(815301076,1909f56bfc062723c751e8b465ee728b)
Start importing Assets/Scenes/Lighting_PowerGauntlet.lighting using Guid(0e1429d48add6284dafe5acb23fbb09c) Importer(815301076,1909f56bfc062723c751e8b465ee728b)  -> (artifact id: '49e4aa563a43f6ea4a1963594c29065a') in 0.011240 seconds 
  Import took 0.017853 seconds .

========================================================================
Received Import Request.
  Time since last request: 159.709690 seconds.
  path: Assets/Scripts/TriGlove.cs
  artifactKey: Guid(b6285a6198c9ce448a4306f73414f4d3) Importer(815301076,1909f56bfc062723c751e8b465ee728b)
Start importing Assets/Scripts/TriGlove.cs using Guid(b6285a6198c9ce448a4306f73414f4d3) Importer(815301076,1909f56bfc062723c751e8b465ee728b)  -> (artifact id: 'e15a631e73c846968b54d727127a95c8') in 0.002682 seconds 
  Import took 0.007666 seconds .

========================================================================
Received Prepare
Registering precompiled user dll's ...
Registered in 0.010324 seconds.
Begin MonoManager ReloadAssembly
Native extension for WindowsStandalone target not found
Native extension for WebGL target not found
Refreshing native plugins compatible for Editor in 0.85 ms, found 11 plugins.
Preloading 2 native plugins for Editor in 0.19 ms.
System.Reflection.TargetInvocationException: Exception has been thrown by the target of an invocation. ---> System.NullReferenceException: Object reference not set to an instance of an object
  at Unity.XR.Oculus.OculusLoader.AssetPathToAbsolutePath (System.String assetPath) [0x00048] in C:\Users\Administrator\Documents\Personal_Admin\Projs_GandU\VR_Blast\Library\PackageCache\com.unity.xr.oculus@1.10.0\Runtime\OculusLoader.cs:250 
  at Unity.XR.Oculus.OculusLoader.EditorLoadOVRPlugin () [0x0007b] in C:\Users\Administrator\Documents\Personal_Admin\Projs_GandU\VR_Blast\Library\PackageCache\com.unity.xr.oculus@1.10.0\Runtime\OculusLoader.cs:235 
  at (wrapper managed-to-native) System.Reflection.MonoMethod.InternalInvoke(System.Reflection.MonoMethod,object,object[],System.Exception&)
  at System.Reflection.MonoMethod.Invoke (System.Object obj, System.Reflection.BindingFlags invokeAttr, System.Reflection.Binder binder, System.Object[] parameters, System.Globalization.CultureInfo culture) [0x00032] in <695d1cc93cca45069c528c15c9fdd749>:0 
   --- End of inner exception stack trace ---
  at System.Reflection.MonoMethod.Invoke (System.Object obj, System.Reflection.BindingFlags invokeAttr, System.Reflection.Binder binder, System.Object[] parameters, System.Globalization.CultureInfo culture) [0x00048] in <695d1cc93cca45069c528c15c9fdd749>:0 
  at System.Reflection.MethodBase.Invoke (System.Object obj, System.Object[] parameters) [0x00000] in <695d1cc93cca45069c528c15c9fdd749>:0 
  at UnityEditor.EditorAssemblies.ProcessInitializeOnLoadMethodAttributes () [0x00047] in <2cd7ebc9c2ef4276a8edbc7de85c89ce>:0 
UnityEngine.StackTraceUtility:ExtractStackTrace ()
UnityEngine.DebugLogHandler:LogFormat (UnityEngine.LogType,UnityEngine.Object,string,object[])
UnityEngine.Logger:Log (UnityEngine.LogType,object)
UnityEngine.Debug:LogError (object)
UnityEditor.EditorAssemblies:ProcessInitializeOnLoadMethodAttributes ()

Mono: successfully reloaded assembly
- Completed reload, in  1.159 seconds
Domain Reload Profiling:
	ReloadAssembly (1159ms)
		BeginReloadAssembly (125ms)
			ExecutionOrderSort (0ms)
			DisableScriptedObjects (4ms)
			BackupInstance (0ms)
			ReleaseScriptingObjects (0ms)
			CreateAndSetChildDomain (36ms)
		EndReloadAssembly (964ms)
			LoadAssemblies (99ms)
			RebuildTransferFunctionScriptingTraits (0ms)
			SetupTypeCache (309ms)
			ReleaseScriptCaches (1ms)
			RebuildScriptCaches (39ms)
			SetupLoadedEditorAssemblies (392ms)
				LogAssemblyErrors (0ms)
				InitializePlatformSupportModulesInManaged (5ms)
				SetLoadedEditorAssemblies (0ms)
				RefreshPlugins (1ms)
				BeforeProcessingInitializeOnLoad (87ms)
				ProcessInitializeOnLoadAttributes (268ms)
				ProcessInitializeOnLoadMethodAttributes (21ms)
				AfterProcessingInitializeOnLoad (9ms)
				EditorAssembliesLoaded (0ms)
			ExecutionOrderSort2 (0ms)
			AwakeInstancesAfterBackupRestoration (8ms)
Platform modules already initialized, skipping
Refreshing native plugins compatible for Editor in 0.78 ms, found 11 plugins.
Preloading 2 native plugins for Editor in 0.17 ms.
Unloading 2216 Unused Serialized files (Serialized files now loaded: 0)
System memory in use before: 110.5 MB.
System memory in use after: 110.8 MB.

Unloading 17 unused Assets to reduce memory usage. Loaded Objects now: 2761.
Total: 3.417600 ms (FindLiveObjects: 0.213600 ms CreateObjectMapping: 0.090800 ms MarkObjects: 3.096500 ms  DeleteObjects: 0.015600 ms)

AssetImportParameters requested are different than current active one (requested -> active):
  custom:framework-win-MediaFoundation: 216162199b28c13a410421893ffa2e32 -> 
  custom:video-decoder-ogg-theora: a1e56fd34408186e4bbccfd4996cb3dc -> 
  custom:container-muxer-webm: aa71ff27fc2769a1b78a27578f13a17b -> 
  custom:container-demuxer-webm: 4f35f7cbe854078d1ac9338744f61a02 -> 
  custom:container-demuxer-ogg: 62fdf1f143b41e24485cea50d1cbac27 -> 
  custom:video-encoder-webm-vp8: eb34c28f22e8b96e1ab97ce403110664 -> 
  custom:video-decoder-webm-vp8: 9c59270c3fd7afecdb556c50c9e8de78 -> 
  custom:audio-decoder-ogg-vorbis: bf7c407c2cedff20999df2af8eb42d56 -> 
  custom:audio-encoder-webm-vorbis: bf7c407c2cedff20999df2af8eb42d56 -> 
========================================================================
Received Import Request.
  Time since last request: 144.115587 seconds.
  path: Assets/XR/Settings/Windows MR Package Settings.asset
  artifactKey: Guid(dc5a169419fa04987b057f65238cf3ba) Importer(815301076,1909f56bfc062723c751e8b465ee728b)
Start importing Assets/XR/Settings/Windows MR Package Settings.asset using Guid(dc5a169419fa04987b057f65238cf3ba) Importer(815301076,1909f56bfc062723c751e8b465ee728b)  -> (artifact id: 'bc017983a89bf38c401dafb7fd3f5735') in 0.029053 seconds 
  Import took 0.034779 seconds .

========================================================================
Received Import Request.
  Time since last request: 1.856173 seconds.
  path: Assets/ExampleAssets/Prefabs/XRControllerLeft.prefab
  artifactKey: Guid(5b158b94c373d4b4f9e98cdb92789343) Importer(815301076,1909f56bfc062723c751e8b465ee728b)
Start importing Assets/ExampleAssets/Prefabs/XRControllerLeft.prefab using Guid(5b158b94c373d4b4f9e98cdb92789343) Importer(815301076,1909f56bfc062723c751e8b465ee728b)  -> (artifact id: 'bf959430033de6e476bc895341695b9c') in 0.052794 seconds 
  Import took 0.057247 seconds .

========================================================================
Received Import Request.
  Time since last request: 0.000336 seconds.
  path: Assets/ExampleAssets/Prefabs/XRControllerRight.prefab
  artifactKey: Guid(1f4d373a613d0466fbd8849470265852) Importer(815301076,1909f56bfc062723c751e8b465ee728b)
Start importing Assets/ExampleAssets/Prefabs/XRControllerRight.prefab using Guid(1f4d373a613d0466fbd8849470265852) Importer(815301076,1909f56bfc062723c751e8b465ee728b)  -> (artifact id: '3d8b0bb8b40c5f6b22ad1ec9a1f8ccd1') in 0.016948 seconds 
  Import took 0.021022 seconds .

========================================================================
Received Import Request.
  Time since last request: 50.156385 seconds.
  path: Assets/Models/Hand3Glove.fbx
  artifactKey: Guid(24568c3f3f59dc6419875defd2f735e7) Importer(815301076,1909f56bfc062723c751e8b465ee728b)
Start importing Assets/Models/Hand3Glove.fbx using Guid(24568c3f3f59dc6419875defd2f735e7) Importer(815301076,1909f56bfc062723c751e8b465ee728b)  -> (artifact id: 'eb4a7a7e384af520226027d8cf66b61e') in 0.045254 seconds 
  Import took 0.049825 seconds .

========================================================================
Received Import Request.
  Time since last request: 57.789941 seconds.
  path: Assets/Scenes/PowerGauntletDemo/LightingData.asset
  artifactKey: Guid(fbc36a824765ee54183685cfc3214936) Importer(815301076,1909f56bfc062723c751e8b465ee728b)
Start importing Assets/Scenes/PowerGauntletDemo/LightingData.asset using Guid(fbc36a824765ee54183685cfc3214936) Importer(815301076,1909f56bfc062723c751e8b465ee728b)  -> (artifact id: '986a6320f379a35712c7bb32e4c10a6a') in 0.004581 seconds 
  Import took 0.011238 seconds .

========================================================================
Received Import Request.
  Time since last request: 51.180720 seconds.
  path: Assets/Models/Hand3Glove.fbx
  artifactKey: Guid(24568c3f3f59dc6419875defd2f735e7) Importer(815301076,1909f56bfc062723c751e8b465ee728b)
Start importing Assets/Models/Hand3Glove.fbx using Guid(24568c3f3f59dc6419875defd2f735e7) Importer(815301076,1909f56bfc062723c751e8b465ee728b)  -> (artifact id: '7fec7413d5f28660a778974185aaeff9') in 0.030851 seconds 
  Import took 0.035603 seconds .

========================================================================
Received Import Request.
  Time since last request: 16.512572 seconds.
  path: Assets/Anims/Hand_AnimCntrl.controller
  artifactKey: Guid(280864d31226d4d40acbbd6e47056f7e) Importer(815301076,1909f56bfc062723c751e8b465ee728b)
Start importing Assets/Anims/Hand_AnimCntrl.controller using Guid(280864d31226d4d40acbbd6e47056f7e) Importer(815301076,1909f56bfc062723c751e8b465ee728b)  -> (artifact id: 'e8e1b03d57c5697516a948e407fac2a1') in 0.013418 seconds 
  Import took 0.020511 seconds .

AssetImportWorkerClient::OnTransportError - code=2 error=End of file
